Start: Sun May 14 20:09:51 MEST 2006
Host: morpheus
---------------------------
last pid:  4794;  load averages:  3.15,  3.11,  3.11    20:09:52
134 processes: 128 sleeping, 2 stopped, 4 on cpu

sync/RAND-S-100x100-10000-25-100-05_rand_sync PIVOTPART2+GREEDY20K-BL SEQREEMBED-BL-TOT
Running PIVOTPART2+GREEDY20K-BL placement algorithm...
Border length before placement: 742700
Elapsed time (placement): 15.6475055 sec
Border length before optimization: 408796
Elapsed time (optimization): 4.2493217 sec
Final border length: 393596
New layout is not equal to the original specification.
New layout is compatible with the original specification.
---------------------------
last pid:  4799;  load averages:  3.43,  3.18,  3.14    20:10:15
134 processes: 128 sleeping, 2 stopped, 4 on cpu

sync/RAND-S-100x100-10000-25-100-05_rand_sync PIVOTPART4+GREEDY20K-BL SEQREEMBED-BL-TOT
Running PIVOTPART4+GREEDY20K-BL placement algorithm...
Border length before placement: 742700
Elapsed time (placement): 10.7161805 sec
Border length before optimization: 427966
Elapsed time (optimization): 4.2398908 sec
Final border length: 407250
New layout is not equal to the original specification.
New layout is compatible with the original specification.
---------------------------
last pid:  4836;  load averages:  3.70,  3.25,  3.16    20:10:32
136 processes: 130 sleeping, 2 stopped, 4 on cpu

sync/RAND-S-100x100-10000-25-100-05_rand_sync PIVOTPART6+GREEDY20K-BL SEQREEMBED-BL-TOT
Running PIVOTPART6+GREEDY20K-BL placement algorithm...
Border length before placement: 742700
Elapsed time (placement): 11.1538519 sec
Border length before optimization: 447730
Elapsed time (optimization): 5.2800821 sec
Final border length: 419454
New layout is not equal to the original specification.
New layout is compatible with the original specification.
---------------------------
last pid:  4846;  load averages:  3.88,  3.32,  3.19    20:10:51
137 processes: 131 sleeping, 2 stopped, 4 on cpu

sync/RAND-S-200x200-40000-25-100-05_rand_sync PIVOTPART2+GREEDY20K-BL SEQREEMBED-BL-TOT
Running PIVOTPART2+GREEDY20K-BL placement algorithm...
Border length before placement: 2986400
Elapsed time (placement): 172.8723711 sec
Border length before optimization: 1533572
Elapsed time (optimization): 12.6550486 sec
Final border length: 1489126
New layout is not equal to the original specification.
New layout is compatible with the original specification.
---------------------------
last pid:  4884;  load averages:  4.11,  3.70,  3.37    20:14:00
139 processes: 133 sleeping, 2 stopped, 4 on cpu

sync/RAND-S-200x200-40000-25-100-05_rand_sync PIVOTPART4+GREEDY20K-BL SEQREEMBED-BL-TOT
Running PIVOTPART4+GREEDY20K-BL placement algorithm...
Border length before placement: 2986400
Elapsed time (placement): 71.4257483 sec
Border length before optimization: 1596168
Elapsed time (optimization): 16.8427795 sec
Final border length: 1536822
New layout is not equal to the original specification.
New layout is compatible with the original specification.
---------------------------
last pid:  4889;  load averages:  4.13,  3.82,  3.45    20:15:32
139 processes: 133 sleeping, 2 stopped, 4 on cpu

sync/RAND-S-200x200-40000-25-100-05_rand_sync PIVOTPART6+GREEDY20K-BL SEQREEMBED-BL-TOT
Running PIVOTPART6+GREEDY20K-BL placement algorithm...
Border length before placement: 2986400
Elapsed time (placement): 49.4949308 sec
Border length before optimization: 1675950
Elapsed time (optimization): 16.935472 sec
Final border length: 1595328
New layout is not equal to the original specification.
New layout is compatible with the original specification.
---------------------------
last pid:  4902;  load averages:  4.16,  3.89,  3.50    20:16:45
137 processes: 131 sleeping, 2 stopped, 4 on cpu

sync/RAND-S-300x300-90000-25-100-05_rand_sync PIVOTPART2+GREEDY20K-BL SEQREEMBED-BL-TOT
Running PIVOTPART2+GREEDY20K-BL placement algorithm...
Border length before placement: 6724698
Elapsed time (placement): 851.9401265 sec
Border length before optimization: 3333970
Elapsed time (optimization): 28.4454744 sec
Final border length: 3248512
New layout is not equal to the original specification.
New layout is compatible with the original specification.
---------------------------
last pid:  4978;  load averages:  4.11,  4.14,  3.91    20:31:35
134 processes: 128 sleeping, 2 stopped, 4 on cpu

sync/RAND-S-300x300-90000-25-100-05_rand_sync PIVOTPART4+GREEDY20K-BL SEQREEMBED-BL-TOT
Running PIVOTPART4+GREEDY20K-BL placement algorithm...
Border length before placement: 6724698
Elapsed time (placement): 317.139795 sec
Border length before optimization: 3450774
Elapsed time (optimization): 38.0000181 sec
Final border length: 3341502
New layout is not equal to the original specification.
New layout is compatible with the original specification.
---------------------------
last pid:  5021;  load averages:  4.07,  4.10,  3.97    20:37:36
134 processes: 128 sleeping, 2 stopped, 4 on cpu

sync/RAND-S-300x300-90000-25-100-05_rand_sync PIVOTPART6+GREEDY20K-BL SEQREEMBED-BL-TOT
Running PIVOTPART6+GREEDY20K-BL placement algorithm...
Border length before placement: 6724698
Elapsed time (placement): 149.6979658 sec
Border length before optimization: 3606046
Elapsed time (optimization): 38.1917403 sec
Final border length: 3458688
New layout is not equal to the original specification.
New layout is compatible with the original specification.
---------------------------
last pid:  5032;  load averages:  4.14,  4.13,  4.01    20:40:56
134 processes: 128 sleeping, 2 stopped, 4 on cpu

sync/RAND-S-500x500-250000-25-100-05_rand_sync PIVOTPART2+GREEDY20K-BL SEQREEMBED-BL-TOT
Running PIVOTPART2+GREEDY20K-BL placement algorithm...
Border length before placement: 18714182
Elapsed time (placement): 4703.1771746 sec
Border length before optimization: 8872748
Elapsed time (optimization): 79.8641919 sec
Final border length: 8672002
New layout is not equal to the original specification.
New layout is compatible with the original specification.
---------------------------
last pid:  5323;  load averages:  4.05,  4.07,  4.10    22:00:55
134 processes: 128 sleeping, 2 stopped, 4 on cpu

sync/RAND-S-500x500-250000-25-100-05_rand_sync PIVOTPART4+GREEDY20K-BL SEQREEMBED-BL-TOT
Running PIVOTPART4+GREEDY20K-BL placement algorithm...
Border length before placement: 18714182
Elapsed time (placement): 1967.0661798 sec
Border length before optimization: 9164688
Elapsed time (optimization): 80.0786123 sec
Final border length: 8914888
New layout is not equal to the original specification.
New layout is compatible with the original specification.
---------------------------
last pid:  5464;  load averages:  4.07,  4.12,  4.13    22:35:17
134 processes: 128 sleeping, 2 stopped, 4 on cpu

sync/RAND-S-500x500-250000-25-100-05_rand_sync PIVOTPART6+GREEDY20K-BL SEQREEMBED-BL-TOT
Running PIVOTPART6+GREEDY20K-BL placement algorithm...
Border length before placement: 18714182
Elapsed time (placement): 662.1410366 sec
Border length before optimization: 9533800
Elapsed time (optimization): 106.5068815 sec
Final border length: 9205332
New layout is not equal to the original specification.
New layout is compatible with the original specification.
---------------------------
last pid:  5543;  load averages:  4.09,  4.10,  4.12    22:48:34
134 processes: 128 sleeping, 2 stopped, 4 on cpu

sync/RAND-S-100x100-10000-25-100-04_rand_sync PIVOTPART2+GREEDY20K-BL SEQREEMBED-BL-TOT
Running PIVOTPART2+GREEDY20K-BL placement algorithm...
Border length before placement: 741492
Elapsed time (placement): 16.3861021 sec
Border length before optimization: 408974
Elapsed time (optimization): 4.2423087 sec
Final border length: 393260
New layout is not equal to the original specification.
New layout is compatible with the original specification.
---------------------------
last pid:  5548;  load averages:  4.15,  4.12,  4.12    22:48:57
134 processes: 127 sleeping, 2 stopped, 5 on cpu

sync/RAND-S-100x100-10000-25-100-04_rand_sync PIVOTPART4+GREEDY20K-BL SEQREEMBED-BL-TOT
Running PIVOTPART4+GREEDY20K-BL placement algorithm...
Border length before placement: 741492
Elapsed time (placement): 11.1317365 sec
Border length before optimization: 425294
Elapsed time (optimization): 4.2782506 sec
Final border length: 405620
New layout is not equal to the original specification.
New layout is compatible with the original specification.
---------------------------
last pid:  5554;  load averages:  4.11,  4.11,  4.12    22:49:15
134 processes: 128 sleeping, 2 stopped, 4 on cpu

sync/RAND-S-100x100-10000-25-100-04_rand_sync PIVOTPART6+GREEDY20K-BL SEQREEMBED-BL-TOT
Running PIVOTPART6+GREEDY20K-BL placement algorithm...
Border length before placement: 741492
Elapsed time (placement): 11.5899934 sec
Border length before optimization: 448930
Elapsed time (optimization): 4.2593729 sec
Final border length: 420852
New layout is not equal to the original specification.
New layout is compatible with the original specification.
---------------------------
last pid:  5559;  load averages:  4.11,  4.11,  4.12    22:49:33
134 processes: 128 sleeping, 2 stopped, 4 on cpu

sync/RAND-S-200x200-40000-25-100-04_rand_sync PIVOTPART2+GREEDY20K-BL SEQREEMBED-BL-TOT
Running PIVOTPART2+GREEDY20K-BL placement algorithm...
Border length before placement: 2985202
Elapsed time (placement): 173.2044899 sec
Border length before optimization: 1535876
Elapsed time (optimization): 12.7074217 sec
Final border length: 1490696
New layout is not equal to the original specification.
New layout is compatible with the original specification.
---------------------------
last pid:  5567;  load averages:  4.19,  4.12,  4.12    22:52:43
134 processes: 128 sleeping, 2 stopped, 4 on cpu

sync/RAND-S-200x200-40000-25-100-04_rand_sync PIVOTPART4+GREEDY20K-BL SEQREEMBED-BL-TOT
Running PIVOTPART4+GREEDY20K-BL placement algorithm...
Border length before placement: 2985202
Elapsed time (placement): 70.423435 sec
Border length before optimization: 1597094
Elapsed time (optimization): 16.8636144 sec
Final border length: 1539040
New layout is not equal to the original specification.
New layout is compatible with the original specification.
---------------------------
last pid:  5573;  load averages:  4.05,  4.10,  4.11    22:54:14
134 processes: 128 sleeping, 2 stopped, 4 on cpu

sync/RAND-S-200x200-40000-25-100-04_rand_sync PIVOTPART6+GREEDY20K-BL SEQREEMBED-BL-TOT
Running PIVOTPART6+GREEDY20K-BL placement algorithm...
Border length before placement: 2985202
Elapsed time (placement): 48.9710575 sec
Border length before optimization: 1673134
Elapsed time (optimization): 16.8595839 sec
Final border length: 1593030
New layout is not equal to the original specification.
New layout is compatible with the original specification.
---------------------------
last pid:  5584;  load averages:  4.07,  4.11,  4.12    22:55:26
134 processes: 128 sleeping, 2 stopped, 4 on cpu

sync/RAND-S-300x300-90000-25-100-04_rand_sync PIVOTPART2+GREEDY20K-BL SEQREEMBED-BL-TOT
Running PIVOTPART2+GREEDY20K-BL placement algorithm...
Border length before placement: 6727480
Elapsed time (placement): 809.9633528 sec
Border length before optimization: 3332482
Elapsed time (optimization): 28.5186228 sec
Final border length: 3247884
New layout is not equal to the original specification.
New layout is compatible with the original specification.
---------------------------
last pid:  5664;  load averages:  4.11,  4.11,  4.11    23:09:34
134 processes: 128 sleeping, 2 stopped, 4 on cpu

sync/RAND-S-300x300-90000-25-100-04_rand_sync PIVOTPART4+GREEDY20K-BL SEQREEMBED-BL-TOT
Running PIVOTPART4+GREEDY20K-BL placement algorithm...
Border length before placement: 6727480
Elapsed time (placement): 259.0423205 sec
Border length before optimization: 3468054
Elapsed time (optimization): 38.1401782 sec
Final border length: 3352620
New layout is not equal to the original specification.
New layout is compatible with the original specification.
---------------------------
last pid:  5685;  load averages:  4.04,  4.09,  4.11    23:14:36
134 processes: 128 sleeping, 2 stopped, 4 on cpu

sync/RAND-S-300x300-90000-25-100-04_rand_sync PIVOTPART6+GREEDY20K-BL SEQREEMBED-BL-TOT
Running PIVOTPART6+GREEDY20K-BL placement algorithm...
Border length before placement: 6727480
Elapsed time (placement): 135.1510016 sec
Border length before optimization: 3602750
Elapsed time (optimization): 38.207254 sec
Final border length: 3454316
New layout is not equal to the original specification.
New layout is compatible with the original specification.
---------------------------
last pid:  5698;  load averages:  4.23,  4.14,  4.12    23:17:41
134 processes: 128 sleeping, 2 stopped, 4 on cpu

sync/RAND-S-500x500-250000-25-100-04_rand_sync PIVOTPART2+GREEDY20K-BL SEQREEMBED-BL-TOT
Running PIVOTPART2+GREEDY20K-BL placement algorithm...
Border length before placement: 18716170
Elapsed time (placement): 4585.8336 sec
Border length before optimization: 8911150
Elapsed time (optimization): 79.3878106 sec
Final border length: 8711008
New layout is not equal to the original specification.
New layout is compatible with the original specification.
---------------------------
last pid:  5987;  load averages:  4.07,  4.10,  4.11    00:35:42
134 processes: 128 sleeping, 2 stopped, 4 on cpu

sync/RAND-S-500x500-250000-25-100-04_rand_sync PIVOTPART4+GREEDY20K-BL SEQREEMBED-BL-TOT
Running PIVOTPART4+GREEDY20K-BL placement algorithm...
Border length before placement: 18716170
Elapsed time (placement): 2280.6568322 sec
Border length before optimization: 9092708
Elapsed time (optimization): 79.3251248 sec
Final border length: 8852688
New layout is not equal to the original specification.
New layout is compatible with the original specification.
---------------------------
last pid:  6159;  load averages:  4.05,  4.14,  4.15    01:15:18
134 processes: 128 sleeping, 2 stopped, 4 on cpu

sync/RAND-S-500x500-250000-25-100-04_rand_sync PIVOTPART6+GREEDY20K-BL SEQREEMBED-BL-TOT
Running PIVOTPART6+GREEDY20K-BL placement algorithm...
Border length before placement: 18716170
Elapsed time (placement): 763.7546871 sec
Border length before optimization: 9501220
Elapsed time (optimization): 106.5684348 sec
Final border length: 9175796
New layout is not equal to the original specification.
New layout is compatible with the original specification.
---------------------------
last pid:  6231;  load averages:  4.08,  4.11,  4.13    01:30:17
134 processes: 128 sleeping, 2 stopped, 4 on cpu

sync/RAND-S-100x100-10000-25-100-03_rand_sync PIVOTPART2+GREEDY20K-BL SEQREEMBED-BL-TOT
Running PIVOTPART2+GREEDY20K-BL placement algorithm...
Border length before placement: 742162
Elapsed time (placement): 15.2165407 sec
Border length before optimization: 406140
Elapsed time (optimization): 4.2356835 sec
Final border length: 391334
New layout is not equal to the original specification.
New layout is compatible with the original specification.
---------------------------
last pid:  6234;  load averages:  4.28,  4.16,  4.14    01:30:39
134 processes: 128 sleeping, 2 stopped, 4 on cpu

sync/RAND-S-100x100-10000-25-100-03_rand_sync PIVOTPART4+GREEDY20K-BL SEQREEMBED-BL-TOT
Running PIVOTPART4+GREEDY20K-BL placement algorithm...
Border length before placement: 742162
Elapsed time (placement): 10.5630058 sec
Border length before optimization: 428106
Elapsed time (optimization): 4.2635284 sec
Final border length: 407602
New layout is not equal to the original specification.
New layout is compatible with the original specification.
---------------------------
last pid:  6238;  load averages:  4.25,  4.16,  4.14    01:30:56
134 processes: 128 sleeping, 2 stopped, 4 on cpu

sync/RAND-S-100x100-10000-25-100-03_rand_sync PIVOTPART6+GREEDY20K-BL SEQREEMBED-BL-TOT
Running PIVOTPART6+GREEDY20K-BL placement algorithm...
Border length before placement: 742162
Elapsed time (placement): 11.2374774 sec
Border length before optimization: 448724
Elapsed time (optimization): 4.2430212 sec
Final border length: 421154
New layout is not equal to the original specification.
New layout is compatible with the original specification.
---------------------------
last pid:  6243;  load averages:  4.24,  4.16,  4.14    01:31:14
134 processes: 128 sleeping, 2 stopped, 4 on cpu

sync/RAND-S-200x200-40000-25-100-03_rand_sync PIVOTPART2+GREEDY20K-BL SEQREEMBED-BL-TOT
Running PIVOTPART2+GREEDY20K-BL placement algorithm...
Border length before placement: 2983808
Elapsed time (placement): 173.4899354 sec
Border length before optimization: 1538930
Elapsed time (optimization): 12.6677583 sec
Final border length: 1492828
New layout is not equal to the original specification.
New layout is compatible with the original specification.
---------------------------
last pid:  6259;  load averages:  4.07,  4.12,  4.13    01:34:24
134 processes: 128 sleeping, 2 stopped, 4 on cpu

sync/RAND-S-200x200-40000-25-100-03_rand_sync PIVOTPART4+GREEDY20K-BL SEQREEMBED-BL-TOT
Running PIVOTPART4+GREEDY20K-BL placement algorithm...
Border length before placement: 2983808
Elapsed time (placement): 69.1837269 sec
Border length before optimization: 1598812
Elapsed time (optimization): 16.8810596 sec
Final border length: 1539528
New layout is not equal to the original specification.
New layout is compatible with the original specification.
---------------------------
last pid:  6267;  load averages:  4.15,  4.14,  4.14    01:35:53
134 processes: 128 sleeping, 2 stopped, 4 on cpu

sync/RAND-S-200x200-40000-25-100-03_rand_sync PIVOTPART6+GREEDY20K-BL SEQREEMBED-BL-TOT
Running PIVOTPART6+GREEDY20K-BL placement algorithm...
Border length before placement: 2983808
Elapsed time (placement): 50.5546541 sec
Border length before optimization: 1674428
Elapsed time (optimization): 16.8429922 sec
Final border length: 1594690
New layout is not equal to the original specification.
New layout is compatible with the original specification.
---------------------------
last pid:  6285;  load averages:  4.18,  4.15,  4.14    01:37:06
134 processes: 128 sleeping, 2 stopped, 4 on cpu

sync/RAND-S-300x300-90000-25-100-03_rand_sync PIVOTPART2+GREEDY20K-BL SEQREEMBED-BL-TOT
Running PIVOTPART2+GREEDY20K-BL placement algorithm...
Border length before placement: 6729384
Elapsed time (placement): 856.3211053 sec
Border length before optimization: 3329688
Elapsed time (optimization): 28.3602863 sec
Final border length: 3244336
New layout is not equal to the original specification.
New layout is compatible with the original specification.
---------------------------
last pid:  6358;  load averages:  4.09,  4.14,  4.14    01:52:01
134 processes: 128 sleeping, 2 stopped, 4 on cpu

sync/RAND-S-300x300-90000-25-100-03_rand_sync PIVOTPART4+GREEDY20K-BL SEQREEMBED-BL-TOT
Running PIVOTPART4+GREEDY20K-BL placement algorithm...
Border length before placement: 6729384
Elapsed time (placement): 326.7815681 sec
Border length before optimization: 3443578
Elapsed time (optimization): 37.9251706 sec
Final border length: 3334130
New layout is not equal to the original specification.
New layout is compatible with the original specification.
---------------------------
last pid:  6373;  load averages:  4.05,  4.09,  4.12    01:58:11
134 processes: 128 sleeping, 2 stopped, 4 on cpu

sync/RAND-S-300x300-90000-25-100-03_rand_sync PIVOTPART6+GREEDY20K-BL SEQREEMBED-BL-TOT
java.io.FileNotFoundException: sync/RAND-S-300x300-90000-25-100-03_rand_sync (Datei oder Verzeichnis nicht gefunden)
	at java.io.FileInputStream.open(Native Method)
	at java.io.FileInputStream.<init>(FileInputStream.java:106)
	at java.io.FileInputStream.<init>(FileInputStream.java:66)
	at java.io.FileReader.<init>(FileReader.java:41)
	at arrayopt.textui.ArrayOpt.main(ArrayOpt.java:605)
---------------------------
last pid:  6378;  load averages:  4.05,  4.09,  4.12    01:58:12
134 processes: 128 sleeping, 2 stopped, 4 on cpu

sync/RAND-S-500x500-250000-25-100-03_rand_sync PIVOTPART2+GREEDY20K-BL SEQREEMBED-BL-TOT
Running PIVOTPART2+GREEDY20K-BL placement algorithm...
Border length before placement: 18713712
Elapsed time (placement): 4501.5736929 sec
Border length before optimization: 8899318
Elapsed time (optimization): 80.2627916 sec
Final border length: 8701140
New layout is not equal to the original specification.
New layout is compatible with the original specification.
---------------------------
last pid:  6685;  load averages:  4.07,  4.11,  4.11    03:14:50
134 processes: 128 sleeping, 2 stopped, 4 on cpu

sync/RAND-S-500x500-250000-25-100-03_rand_sync PIVOTPART4+GREEDY20K-BL SEQREEMBED-BL-TOT
Running PIVOTPART4+GREEDY20K-BL placement algorithm...
Border length before placement: 18713712
Elapsed time (placement): 2120.2514614 sec
Border length before optimization: 9122678
Elapsed time (optimization): 79.3361075 sec
Final border length: 8877038
New layout is not equal to the original specification.
New layout is compatible with the original specification.
---------------------------
last pid:  6857;  load averages:  4.10,  4.14,  4.13    03:51:41
137 processes: 131 sleeping, 2 stopped, 4 on cpu

sync/RAND-S-500x500-250000-25-100-03_rand_sync PIVOTPART6+GREEDY20K-BL SEQREEMBED-BL-TOT
Running PIVOTPART6+GREEDY20K-BL placement algorithm...
Border length before placement: 18713712
